Arguments: 
  C:\Program Files\nodejs\node.exe C:\Program Files (x86)\Yarn\bin\yarn.js add create create-react-app webdevsimplified

PATH: 
  C:\Program Files\Git\mingw64\bin;C:\Program Files\Git\usr\bin;C:\Users\dev\bin;C:\Program Files (x86)\NVIDIA Corporation\PhysX\Common;C:\Windows\system32;C:\Windows;C:\Windows\System32\Wbem;C:\Windows\System32\WindowsPowerShell\v1.0;C:\Windows\System32\OpenSSH;D:\XAMPP\php;C:\ProgramData\ComposerSetup\bin;C:\Program Files (x86)\QuickTime\QTSystem;D:\python\automate-boring-stuff;C:\Program Files (x86)\Calibre2;C:\Program Files (x86)\Yarn\bin;C:\PHP7;C:\Program Files\Git\cmd;C:\Program Files\nodejs;C:\Users\dev\AppData\Local\Programs\Python\Python38-32\Scripts;C:\Users\dev\AppData\Local\Programs\Python\Python38-32;C:\Users\dev\AppData\Local\Microsoft\WindowsApps;C:\Users\dev\AppData\Roaming\Composer\vendor\bin;%PyCharm Community Edition%;C:\Users\dev\AppData\Local\Yarn\bin;C:\Users\dev\AppData\Local\Programs\Microsoft VS Code\bin;C:\Users\dev\AppData\Roaming\npm

Yarn version: 
  1.22.4

Node version: 
  12.18.3

Platform: 
  win32 x64

Trace: 
  Error: https://registry.yarnpkg.com/webdevsimplified: Not found
      at Request.params.callback [as _callback] (C:\Program Files (x86)\Yarn\lib\cli.js:66096:18)
      at Request.self.callback (C:\Program Files (x86)\Yarn\lib\cli.js:140748:22)
      at Request.emit (events.js:315:20)
      at Request.<anonymous> (C:\Program Files (x86)\Yarn\lib\cli.js:141720:10)
      at Request.emit (events.js:315:20)
      at IncomingMessage.<anonymous> (C:\Program Files (x86)\Yarn\lib\cli.js:141642:12)
      at Object.onceWrapper (events.js:421:28)
      at IncomingMessage.emit (events.js:327:22)
      at endReadableNT (_stream_readable.js:1220:12)
      at processTicksAndRejections (internal/process/task_queues.js:84:21)

npm manifest: 
  No manifest

yarn manifest: 
  No manifest

Lockfile: 
  No lockfile
